<?xml version="1.0" encoding="UTF-8"?>
<!-- Generated by org.testng.reporters.JUnitXMLReporter -->
<testsuite hostname="DESKTOP-S45D73V" ignored="0" name="Test" tests="1" failures="1" timestamp="06 Aug 2018 08:00:19 GMT" time="41.609" errors="0">
  <testcase name="testValidLoginLogout" time="9.187" classname="Scripts.ValidLoginLogout">
    <failure type="org.openqa.selenium.NoSuchElementException" message="Unable to locate element: //a[@href=&amp;apos;Logout.jsp&amp;apos;]
For documentation on this error, please visit: http://seleniumhq.org/exceptions/no_such_element.html
Build info: version: &amp;apos;3.4.0&amp;apos;, revision: &amp;apos;unknown&amp;apos;, time: &amp;apos;unknown&amp;apos;
System info: host: &amp;apos;DESKTOP-S45D73V&amp;apos;, ip: &amp;apos;192.168.88.1&amp;apos;, os.name: &amp;apos;Windows 10&amp;apos;, os.arch: &amp;apos;amd64&amp;apos;, os.version: &amp;apos;10.0&amp;apos;, java.version: &amp;apos;1.8.0_161&amp;apos;
Driver info: org.openqa.selenium.firefox.FirefoxDriver
Capabilities [{rotatable=false, raisesAccessibilityExceptions=false, appBuildId=20161031133903, version=47.0.2, platform=XP, proxy=Proxy(), command_id=1.0, specificationLevel=0.0, acceptSslCerts=false, browserVersion=47.0.2, platformVersion=10.0, XULappId={ec8030f7-c20a-464f-9b0e-13a3a9e97384}, browserName=Firefox, takesScreenshot=true, takesElementScreenshot=true, javascriptEnabled=true, platformName=Windows_NT, device=desktop}]
Session ID: a39bc09b-68ae-42ed-af5e-50cafb1c6aee
*** Element info: {Using=xpath, value=//a[@href=&amp;apos;Logout.jsp&amp;apos;]}">
      <![CDATA[org.openqa.selenium.NoSuchElementException: Unable to locate element: //a[@href='Logout.jsp']
For documentation on this error, please visit: http://seleniumhq.org/exceptions/no_such_element.html
Build info: version: '3.4.0', revision: 'unknown', time: 'unknown'
System info: host: 'DESKTOP-S45D73V', ip: '192.168.88.1', os.name: 'Windows 10', os.arch: 'amd64', os.version: '10.0', java.version: '1.8.0_161'
Driver info: org.openqa.selenium.firefox.FirefoxDriver
Capabilities [{rotatable=false, raisesAccessibilityExceptions=false, appBuildId=20161031133903, version=47.0.2, platform=XP, proxy=Proxy(), command_id=1.0, specificationLevel=0.0, acceptSslCerts=false, browserVersion=47.0.2, platformVersion=10.0, XULappId={ec8030f7-c20a-464f-9b0e-13a3a9e97384}, browserName=Firefox, takesScreenshot=true, takesElementScreenshot=true, javascriptEnabled=true, platformName=Windows_NT, device=desktop}]
Session ID: a39bc09b-68ae-42ed-af5e-50cafb1c6aee
*** Element info: {Using=xpath, value=//a[@href='Logout.jsp']}
at org.openqa.selenium.remote.http.W3CHttpResponseCodec.createException(W3CHttpResponseCodec.java:150)
at org.openqa.selenium.remote.http.W3CHttpResponseCodec.decode(W3CHttpResponseCodec.java:115)
at org.openqa.selenium.remote.http.W3CHttpResponseCodec.decode(W3CHttpResponseCodec.java:45)
at org.openqa.selenium.remote.HttpCommandExecutor.execute(HttpCommandExecutor.java:164)
at org.openqa.selenium.remote.service.DriverCommandExecutor.execute(DriverCommandExecutor.java:82)
at org.openqa.selenium.remote.RemoteWebDriver.execute(RemoteWebDriver.java:637)
at org.openqa.selenium.remote.RemoteWebDriver.findElement(RemoteWebDriver.java:410)
at org.openqa.selenium.remote.RemoteWebDriver.findElementByXPath(RemoteWebDriver.java:509)
at org.openqa.selenium.By$ByXPath.findElement(By.java:361)
at org.openqa.selenium.remote.RemoteWebDriver.findElement(RemoteWebDriver.java:402)
at org.openqa.selenium.support.pagefactory.DefaultElementLocator.findElement(DefaultElementLocator.java:69)
at org.openqa.selenium.support.pagefactory.internal.LocatingElementHandler.invoke(LocatingElementHandler.java:38)
at com.sun.proxy.$Proxy7.click(Unknown Source)
at POM.HomePage.clickLogout(HomePage.java:27)
at Scripts.ValidLoginLogout.testValidLoginLogout(ValidLoginLogout.java:29)
... Removed 29 stack frames]]>
    </failure>
  </testcase> <!-- testValidLoginLogout -->
</testsuite> <!-- Test -->
